================================================================================
  SESIÓN wordChef - 2025-11-26 17:33:40
================================================================================

[17:34:58] Normalizador
--------------------------------------------------------------------------------
Entrada: gsbhdtrnfyjtkuymil

  original:
    gsbhdtrnfyjtkuymil
  lematizado:
    gsbhdtrnfyjtkuymil
  sin_repeticiones:
    gsbhdtrnfyjtkuymil
  corregido:
    gsbhdtrnfyjtkuymil

================================================================================

[17:35:00] Patrones
--------------------------------------------------------------------------------
Entrada: gsbhdtrnfyjtkuymil

  Fechas:
  Dinero:
  Correos:

================================================================================

[17:35:02] Resumen
--------------------------------------------------------------------------------
Entrada: gsbhdtrnfyjtkuymil

  Resumen:
    gsbhdtrnfyjtkuymil

================================================================================

[17:35:03] NER
--------------------------------------------------------------------------------
Entrada: gsbhdtrnfyjtkuymil

  Personas:
  Lugares:
    • gsbhdtrnfyjtkuymil
  Empresas:
  Fechas:
  Cantidades:

================================================================================

[17:35:03] Palabras clave
--------------------------------------------------------------------------------
Entrada: gsbhdtrnfyjtkuymil

  top_5_palabras:
    • ('gsbhdtrnfyjtkuymil', 1)
  sustantivos:
  verbos:

================================================================================

[17:35:04] Sentimiento
--------------------------------------------------------------------------------
Entrada: gsbhdtrnfyjtkuymil

  Sentimiento:
    Neutral
  Confianza:
    0.24285081028938293
  Etiqueta:
    3 stars

================================================================================

[17:35:21] Palabras clave
--------------------------------------------------------------------------------
Entrada: keyword_extraction.py:

-- 1
i need you to make me a code file that does the following:
Keyword Extr...

  top_5_palabras:
    • ('and', 6)
    • ('you', 5)
    • ('make', 5)
    • ('the', 4)
    • ('code', 3)
  sustantivos:
    • ('fit', 2)
    • ('code', 1)
    • ('spanish', 1)
    • ('anything', 1)
    • ('seem', 1)
  verbos:
    • ('code', 1)
    • ('only', 1)
    • ('where', 1)
    • ('everywhere', 1)
    • ('if', 1)

================================================================================

[17:35:21] Sentimiento
--------------------------------------------------------------------------------
Entrada: keyword_extraction.py:

-- 1
i need you to make me a code file that does the following:
Keyword Extr...

  Sentimiento:
    Positivo
  Confianza:
    0.3800868093967438
  Etiqueta:
    4 stars

================================================================================

