================================================================================
  SESIÓN wordChef - 2025-12-03 16:49:21
================================================================================

[16:50:19] Normalizador
--------------------------------------------------------------------------------
Entrada: tyhrlkumn fukrdhxb jykjyjnytn ccdg gfd nnfcnfcnvc f

  original:
   tyhrlkumn fukrdhxb jykjyjnytn ccdg gfd nnfcnfcnvc f
  lematizado:
   tyhrlkumn fukrdhxb jykjyjnytn ccdg gfd nnfcnfcnvc f
  sin_repeticiones:
   tyhrlkumn fukrdhxb jykjyjnytn ccdg gfd nnfcnfcnvc f
  corregido:
   tyhrlkumn fukrdhxb jykjyjnytn ccdg gfd nnfcnfcnvc f

================================================================================

[16:50:21] Normalizador
--------------------------------------------------------------------------------
Entrada: tyhrlkumn fukrdhxb jykjyjnytn ccdg gfd nnfcnfcnvc f

  original:
   tyhrlkumn fukrdhxb jykjyjnytn ccdg gfd nnfcnfcnvc f
  lematizado:
   tyhrlkumn fukrdhxb jykjyjnytn ccdg gfd nnfcnfcnvc f
  sin_repeticiones:
   tyhrlkumn fukrdhxb jykjyjnytn ccdg gfd nnfcnfcnvc f
  corregido:
   tyhrlkumn fukrdhxb jykjyjnytn ccdg gfd nnfcnfcnvc f

================================================================================

[16:50:22] Normalizador
--------------------------------------------------------------------------------
Entrada: tyhrlkumn fukrdhxb jykjyjnytn ccdg gfd nnfcnfcnvc f

  original:
   tyhrlkumn fukrdhxb jykjyjnytn ccdg gfd nnfcnfcnvc f
  lematizado:
   tyhrlkumn fukrdhxb jykjyjnytn ccdg gfd nnfcnfcnvc f
  sin_repeticiones:
   tyhrlkumn fukrdhxb jykjyjnytn ccdg gfd nnfcnfcnvc f
  corregido:
   tyhrlkumn fukrdhxb jykjyjnytn ccdg gfd nnfcnfcnvc f

================================================================================

[16:50:22] Normalizador
--------------------------------------------------------------------------------
Entrada: tyhrlkumn fukrdhxb jykjyjnytn ccdg gfd nnfcnfcnvc f

  original:
   tyhrlkumn fukrdhxb jykjyjnytn ccdg gfd nnfcnfcnvc f
  lematizado:
   tyhrlkumn fukrdhxb jykjyjnytn ccdg gfd nnfcnfcnvc f
  sin_repeticiones:
   tyhrlkumn fukrdhxb jykjyjnytn ccdg gfd nnfcnfcnvc f
  corregido:
   tyhrlkumn fukrdhxb jykjyjnytn ccdg gfd nnfcnfcnvc f

================================================================================

[16:50:33] Normalizador
--------------------------------------------------------------------------------
Entrada: test 1 2 3 testo

  original:
   test 1 2 3 testo
  lematizado:
   test 1 2 3 testo
  sin_repeticiones:
   test 1 2 3 testo
  corregido:
   test 1 2 3 testo

================================================================================

